[debug] > Exec(testOnly *xdmaTester, None, None)
[debug] Evaluating tasks: Test / testOnly
[debug] Running task... Cancel: Signal, check cycles: false, forcegc: true
[info] compiling 1 Scala source to C:\Users\zzz\Desktop\spinal_xdmaDemo\target\scala-2.11\classes ...
[info] done compiling
[info] compiling 1 Scala source to C:\Users\zzz\Desktop\spinal_xdmaDemo\target\scala-2.11\test-classes ...
[info] done compiling
[info] xdmaTester:
[info] - compile
[info] Run completed in 3 minutes, 8 seconds.
[info] Total number of tests run: 1
[info] Suites: completed 0, aborted 0
[info] Tests: succeeded 1, failed 0, canceled 0, ignored 0, pending 0
[info] All tests passed.
[error] Error during tests:
[error] 	Running java with options -classpath C:\Users\zzz\Desktop\spinal_xdmaDemo\target\scala-2.11\test-classes;C:\Users\zzz\Desktop\spinal_xdmaDemo\target\scala-2.11\classes;C:\Users\zzz\AppData\Local\Coursier\Cache\v1\https\repo1.maven.org\maven2\org\scala-lang\scala-library\2.11.12\scala-library-2.11.12.jar;C:\Users\zzz\AppData\Local\Coursier\Cache\v1\https\repo1.maven.org\maven2\org\scalatest\scalatest_2.11\2.2.1\scalatest_2.11-2.2.1.jar;C:\Users\zzz\AppData\Local\Coursier\Cache\v1\https\repo1.maven.org\maven2\com\github\spinalhdl\spinalhdl-core_2.11\1.7.2\spinalhdl-core_2.11-1.7.2.jar;C:\Users\zzz\AppData\Local\Coursier\Cache\v1\https\repo1.maven.org\maven2\com\github\spinalhdl\spinalhdl-lib_2.11\1.7.2\spinalhdl-lib_2.11-1.7.2.jar;C:\Users\zzz\AppData\Local\Coursier\Cache\v1\https\repo1.maven.org\maven2\org\scala-lang\scala-reflect\2.11.12\scala-reflect-2.11.12.jar;C:\Users\zzz\AppData\Local\Coursier\Cache\v1\https\repo1.maven.org\maven2\org\scala-lang\modules\scala-xml_2.11\1.0.5\scala-xml_2.11-1.0.5.jar;C:\Users\zzz\AppData\Local\Coursier\Cache\v1\https\repo1.maven.org\maven2\com\github\spinalhdl\spinalhdl-idsl-plugin_2.11\1.7.2\spinalhdl-idsl-plugin_2.11-1.7.2.jar;C:\Users\zzz\AppData\Local\Coursier\Cache\v1\https\repo1.maven.org\maven2\com\github\spinalhdl\spinalhdl-sim_2.11\1.7.2\spinalhdl-sim_2.11-1.7.2.jar;C:\Users\zzz\AppData\Local\Coursier\Cache\v1\https\repo1.maven.org\maven2\com\github\scopt\scopt_2.11\3.7.1\scopt_2.11-3.7.1.jar;C:\Users\zzz\AppData\Local\Coursier\Cache\v1\https\repo1.maven.org\maven2\com\lihaoyi\sourcecode_2.11\0.2.7\sourcecode_2.11-0.2.7.jar;C:\Users\zzz\AppData\Local\Coursier\Cache\v1\https\repo1.maven.org\maven2\commons-io\commons-io\2.4\commons-io-2.4.jar;C:\Users\zzz\AppData\Local\Coursier\Cache\v1\https\repo1.maven.org\maven2\org\scala-lang\scala-compiler\2.11.12\scala-compiler-2.11.12.jar;C:\Users\zzz\AppData\Local\Coursier\Cache\v1\https\repo1.maven.org\maven2\com\github\spinalhdl\spinalhdl-idsl-payload_2.11\1.7.2\spinalhdl-idsl-payload_2.11-1.7.2.jar;C:\Users\zzz\AppData\Local\Coursier\Cache\v1\https\repo1.maven.org\maven2\net\openhft\affinity\3.21ea1.1\affinity-3.21ea1.1.jar;C:\Users\zzz\AppData\Local\Coursier\Cache\v1\https\repo1.maven.org\maven2\org\slf4j\slf4j-simple\1.7.25\slf4j-simple-1.7.25.jar;C:\Users\zzz\AppData\Local\Coursier\Cache\v1\https\repo1.maven.org\maven2\com\github\oshi\oshi-core\5.2.0\oshi-core-5.2.0.jar;C:\Users\zzz\AppData\Local\Coursier\Cache\v1\https\repo1.maven.org\maven2\org\scala-lang\modules\scala-parser-combinators_2.11\1.0.4\scala-parser-combinators_2.11-1.0.4.jar;C:\Users\zzz\AppData\Local\Coursier\Cache\v1\https\repo1.maven.org\maven2\org\slf4j\slf4j-api\1.7.30\slf4j-api-1.7.30.jar;C:\Users\zzz\AppData\Local\Coursier\Cache\v1\https\repo1.maven.org\maven2\net\java\dev\jna\jna\5.5.0\jna-5.5.0.jar;C:\Users\zzz\AppData\Local\Coursier\Cache\v1\https\repo1.maven.org\maven2\net\java\dev\jna\jna-platform\5.5.0\jna-platform-5.5.0.jar;C:\Users\zzz\AppData\Local\Coursier\Cache\v1\https\repo1.maven.org\maven2\org\jetbrains\annotations\19.0.0\annotations-19.0.0.jar;C:\Users\zzz\.sbt\boot\scala-2.12.16\org.scala-sbt\sbt\1.7.1\test-agent-1.7.1.jar;C:\Users\zzz\.sbt\boot\scala-2.12.16\org.scala-sbt\sbt\1.7.1\test-interface-1.0.jar sbt.ForkMain 61286 failed with exit code 1
[debug] Forcing garbage collection...
[error] (Test / testOnly) sbt.TestsFailedException: Tests unsuccessful
[error] Total time: 189 s (03:09), completed 2022-8-27 17:33:28
[debug] > Exec(idea-shell, None, None)
